2025-10-04 03:20:08,846 - INFO - Starting AI vs AI Battle game
2025-10-04 03:20:09,152 - INFO - Pygame initialized successfully
2025-10-04 03:20:09,153 - INFO - Game setup completed
2025-10-04 03:20:10,458 - ERROR - Error updating projectiles: 'pygame.math.Vector2' object has no attribute 'dx'
2025-10-04 03:20:10,474 - ERROR - Error updating projectiles: 'pygame.math.Vector2' object has no attribute 'dx'
2025-10-04 03:20:10,474 - ERROR - Error checking collisions: local variable 'projectile_rect' referenced before assignment
2025-10-04 03:20:10,490 - ERROR - Error updating projectiles: 'pygame.math.Vector2' object has no attribute 'dx'
2025-10-04 03:20:10,490 - ERROR - Error checking collisions: local variable 'projectile_rect' referenced before assignment
2025-10-04 03:20:10,506 - ERROR - Error updating projectiles: 'pygame.math.Vector2' object has no attribute 'dx'
2025-10-04 03:20:10,507 - ERROR - Error checking collisions: local variable 'projectile_rect' referenced before assignment
2025-10-04 03:20:10,523 - ERROR - Error updating projectiles: 'pygame.math.Vector2' object has no attribute 'dx'
2025-10-04 03:20:10,523 - ERROR - Error checking collisions: local variable 'projectile_rect' referenced before assignment
2025-10-04 03:20:10,539 - ERROR - Error updating projectiles: 'pygame.math.Vector2' object has no attribute 'dx'
2025-10-04 03:20:10,539 - ERROR - Error checking collisions: local variable 'projectile_rect' referenced before assignment
2025-10-04 03:20:10,555 - ERROR - Error updating projectiles: 'pygame.math.Vector2' object has no attribute 'dx'
2025-10-04 03:20:10,555 - ERROR - Error checking collisions: local variable 'projectile_rect' referenced before assignment
2025-10-04 03:20:10,572 - ERROR - Error updating projectiles: 'pygame.math.Vector2' object has no attribute 'dx'
2025-10-04 03:20:10,572 - ERROR - Error checking collisions: local variable 'projectile_rect' referenced before assignment
2025-10-04 03:20:10,587 - ERROR - Error updating projectiles: 'pygame.math.Vector2' object has no attribute 'dx'
2025-10-04 03:20:10,587 - ERROR - Error checking collisions: local variable 'projectile_rect' referenced before assignment
2025-10-04 03:20:10,603 - ERROR - Error updating projectiles: 'pygame.math.Vector2' object has no attribute 'dx'
2025-10-04 03:20:10,603 - ERROR - Error checking collisions: local variable 'projectile_rect' referenced before assignment
2025-10-04 03:20:10,619 - ERROR - Error updating projectiles: 'pygame.math.Vector2' object has no attribute 'dx'
2025-10-04 03:20:10,620 - ERROR - Error checking collisions: local variable 'projectile_rect' referenced before assignment
2025-10-04 03:20:10,635 - ERROR - Error updating projectiles: 'pygame.math.Vector2' object has no attribute 'dx'
2025-10-04 03:20:10,635 - ERROR - Error checking collisions: local variable 'projectile_rect' referenced before assignment
2025-10-04 03:20:10,651 - ERROR - Error updating projectiles: 'pygame.math.Vector2' object has no attribute 'dx'
2025-10-04 03:20:10,651 - ERROR - Error checking collisions: local variable 'projectile_rect' referenced before assignment
2025-10-04 03:20:10,667 - ERROR - Error updating projectiles: 'pygame.math.Vector2' object has no attribute 'dx'
2025-10-04 03:20:10,667 - ERROR - Error checking collisions: local variable 'projectile_rect' referenced before assignment
2025-10-04 03:20:10,684 - ERROR - Error updating projectiles: 'pygame.math.Vector2' object has no attribute 'dx'
2025-10-04 03:20:10,684 - ERROR - Error checking collisions: local variable 'projectile_rect' referenced before assignment
2025-10-04 03:20:10,700 - ERROR - Error updating projectiles: 'pygame.math.Vector2' object has no attribute 'dx'
2025-10-04 03:20:10,700 - ERROR - Error checking collisions: local variable 'projectile_rect' referenced before assignment
2025-10-04 03:20:10,716 - ERROR - Error updating projectiles: 'pygame.math.Vector2' object has no attribute 'dx'
2025-10-04 03:20:10,716 - ERROR - Error checking collisions: local variable 'projectile_rect' referenced before assignment
2025-10-04 03:20:10,732 - ERROR - Error updating projectiles: 'pygame.math.Vector2' object has no attribute 'dx'
2025-10-04 03:20:10,732 - ERROR - Error checking collisions: local variable 'projectile_rect' referenced before assignment
2025-10-04 03:20:10,749 - ERROR - Error updating projectiles: 'pygame.math.Vector2' object has no attribute 'dx'
2025-10-04 03:20:10,749 - ERROR - Error checking collisions: local variable 'projectile_rect' referenced before assignment
2025-10-04 03:20:10,764 - ERROR - Error updating projectiles: 'pygame.math.Vector2' object has no attribute 'dx'
2025-10-04 03:20:10,764 - ERROR - Error checking collisions: local variable 'projectile_rect' referenced before assignment
2025-10-04 03:20:10,780 - ERROR - Error updating projectiles: 'pygame.math.Vector2' object has no attribute 'dx'
2025-10-04 03:20:10,780 - ERROR - Error checking collisions: local variable 'projectile_rect' referenced before assignment
2025-10-04 03:20:10,796 - ERROR - Error updating projectiles: 'pygame.math.Vector2' object has no attribute 'dx'
2025-10-04 03:20:10,796 - ERROR - Error checking collisions: local variable 'projectile_rect' referenced before assignment
2025-10-04 03:20:10,812 - ERROR - Error updating projectiles: 'pygame.math.Vector2' object has no attribute 'dx'
2025-10-04 03:20:10,812 - ERROR - Error checking collisions: local variable 'projectile_rect' referenced before assignment
2025-10-04 03:20:10,828 - ERROR - Error updating projectiles: 'pygame.math.Vector2' object has no attribute 'dx'
2025-10-04 03:20:10,828 - ERROR - Error checking collisions: local variable 'projectile_rect' referenced before assignment
2025-10-04 03:20:10,844 - ERROR - Error updating projectiles: 'pygame.math.Vector2' object has no attribute 'dx'
2025-10-04 03:20:10,844 - ERROR - Error checking collisions: local variable 'projectile_rect' referenced before assignment
2025-10-04 03:20:10,861 - ERROR - Error updating projectiles: 'pygame.math.Vector2' object has no attribute 'dx'
2025-10-04 03:20:10,861 - ERROR - Error checking collisions: local variable 'projectile_rect' referenced before assignment
2025-10-04 03:20:10,876 - ERROR - Error updating projectiles: 'pygame.math.Vector2' object has no attribute 'dx'
2025-10-04 03:20:10,876 - ERROR - Error checking collisions: local variable 'projectile_rect' referenced before assignment
2025-10-04 03:20:10,892 - ERROR - Error updating projectiles: 'pygame.math.Vector2' object has no attribute 'dx'
2025-10-04 03:20:10,892 - ERROR - Error checking collisions: local variable 'projectile_rect' referenced before assignment
2025-10-04 03:20:10,908 - ERROR - Error updating projectiles: 'pygame.math.Vector2' object has no attribute 'dx'
2025-10-04 03:20:10,908 - ERROR - Error checking collisions: local variable 'projectile_rect' referenced before assignment
2025-10-04 03:20:10,924 - ERROR - Error updating projectiles: 'pygame.math.Vector2' object has no attribute 'dx'
2025-10-04 03:20:10,924 - ERROR - Error checking collisions: local variable 'projectile_rect' referenced before assignment
2025-10-04 03:20:10,940 - ERROR - Error updating projectiles: 'pygame.math.Vector2' object has no attribute 'dx'
2025-10-04 03:20:10,940 - ERROR - Error checking collisions: local variable 'projectile_rect' referenced before assignment
2025-10-04 03:20:10,956 - ERROR - Error updating projectiles: 'pygame.math.Vector2' object has no attribute 'dx'
2025-10-04 03:20:10,956 - ERROR - Error checking collisions: local variable 'projectile_rect' referenced before assignment
2025-10-04 03:20:10,972 - ERROR - Error updating projectiles: 'pygame.math.Vector2' object has no attribute 'dx'
2025-10-04 03:20:10,972 - ERROR - Error checking collisions: local variable 'projectile_rect' referenced before assignment
2025-10-04 03:20:10,988 - ERROR - Error updating projectiles: 'pygame.math.Vector2' object has no attribute 'dx'
2025-10-04 03:20:10,988 - ERROR - Error checking collisions: local variable 'projectile_rect' referenced before assignment
2025-10-04 03:20:11,005 - ERROR - Error updating projectiles: 'pygame.math.Vector2' object has no attribute 'dx'
2025-10-04 03:20:11,005 - ERROR - Error checking collisions: local variable 'projectile_rect' referenced before assignment
2025-10-04 03:20:11,020 - ERROR - Error updating projectiles: 'pygame.math.Vector2' object has no attribute 'dx'
2025-10-04 03:20:11,020 - ERROR - Error checking collisions: local variable 'projectile_rect' referenced before assignment
2025-10-04 03:20:11,036 - ERROR - Error updating projectiles: 'pygame.math.Vector2' object has no attribute 'dx'
2025-10-04 03:20:11,037 - ERROR - Error checking collisions: local variable 'projectile_rect' referenced before assignment
2025-10-04 03:20:11,053 - ERROR - Error updating projectiles: 'pygame.math.Vector2' object has no attribute 'dx'
2025-10-04 03:20:11,053 - INFO - Game Over: Player hit by enemy
2025-10-04 03:20:11,053 - ERROR - Error checking collisions: local variable 'projectile_rect' referenced before assignment
2025-10-04 03:20:14,265 - INFO - Game setup completed
2025-10-04 03:20:16,399 - INFO - Game Over: Player hit by enemy
2025-10-04 03:20:18,348 - INFO - Game setup completed
2025-10-04 03:20:19,977 - ERROR - Error updating projectiles: 'pygame.math.Vector2' object has no attribute 'dx'
2025-10-04 03:20:19,994 - ERROR - Error updating projectiles: 'pygame.math.Vector2' object has no attribute 'dx'
2025-10-04 03:20:19,994 - ERROR - Error checking collisions: local variable 'projectile_rect' referenced before assignment
2025-10-04 03:20:20,009 - ERROR - Error updating projectiles: 'pygame.math.Vector2' object has no attribute 'dx'
2025-10-04 03:20:20,009 - ERROR - Error checking collisions: local variable 'projectile_rect' referenced before assignment
2025-10-04 03:20:20,025 - ERROR - Error updating projectiles: 'pygame.math.Vector2' object has no attribute 'dx'
2025-10-04 03:20:20,025 - ERROR - Error checking collisions: local variable 'projectile_rect' referenced before assignment
2025-10-04 03:20:20,041 - ERROR - Error updating projectiles: 'pygame.math.Vector2' object has no attribute 'dx'
2025-10-04 03:20:20,041 - ERROR - Error checking collisions: local variable 'projectile_rect' referenced before assignment
2025-10-04 03:20:20,057 - ERROR - Error updating projectiles: 'pygame.math.Vector2' object has no attribute 'dx'
2025-10-04 03:20:20,057 - ERROR - Error checking collisions: local variable 'projectile_rect' referenced before assignment
2025-10-04 03:20:20,073 - ERROR - Error updating projectiles: 'pygame.math.Vector2' object has no attribute 'dx'
2025-10-04 03:20:20,074 - ERROR - Error checking collisions: local variable 'projectile_rect' referenced before assignment
2025-10-04 03:20:20,090 - ERROR - Error updating projectiles: 'pygame.math.Vector2' object has no attribute 'dx'
2025-10-04 03:20:20,090 - ERROR - Error checking collisions: local variable 'projectile_rect' referenced before assignment
2025-10-04 03:20:20,105 - ERROR - Error updating projectiles: 'pygame.math.Vector2' object has no attribute 'dx'
2025-10-04 03:20:20,105 - ERROR - Error checking collisions: local variable 'projectile_rect' referenced before assignment
2025-10-04 03:20:20,121 - ERROR - Error updating projectiles: 'pygame.math.Vector2' object has no attribute 'dx'
2025-10-04 03:20:20,121 - ERROR - Error checking collisions: local variable 'projectile_rect' referenced before assignment
2025-10-04 03:20:20,137 - ERROR - Error updating projectiles: 'pygame.math.Vector2' object has no attribute 'dx'
2025-10-04 03:20:20,137 - ERROR - Error checking collisions: local variable 'projectile_rect' referenced before assignment
2025-10-04 03:20:20,154 - ERROR - Error updating projectiles: 'pygame.math.Vector2' object has no attribute 'dx'
2025-10-04 03:20:20,154 - ERROR - Error checking collisions: local variable 'projectile_rect' referenced before assignment
2025-10-04 03:20:20,170 - ERROR - Error updating projectiles: 'pygame.math.Vector2' object has no attribute 'dx'
2025-10-04 03:20:20,170 - ERROR - Error checking collisions: local variable 'projectile_rect' referenced before assignment
2025-10-04 03:20:20,186 - ERROR - Error updating projectiles: 'pygame.math.Vector2' object has no attribute 'dx'
2025-10-04 03:20:20,186 - ERROR - Error checking collisions: local variable 'projectile_rect' referenced before assignment
2025-10-04 03:20:20,202 - ERROR - Error updating projectiles: 'pygame.math.Vector2' object has no attribute 'dx'
2025-10-04 03:20:20,202 - ERROR - Error checking collisions: local variable 'projectile_rect' referenced before assignment
2025-10-04 03:20:20,219 - ERROR - Error updating projectiles: 'pygame.math.Vector2' object has no attribute 'dx'
2025-10-04 03:20:20,219 - ERROR - Error checking collisions: local variable 'projectile_rect' referenced before assignment
2025-10-04 03:20:20,235 - ERROR - Error updating projectiles: 'pygame.math.Vector2' object has no attribute 'dx'
2025-10-04 03:20:20,235 - ERROR - Error checking collisions: local variable 'projectile_rect' referenced before assignment
2025-10-04 03:20:20,251 - ERROR - Error updating projectiles: 'pygame.math.Vector2' object has no attribute 'dx'
2025-10-04 03:20:20,251 - ERROR - Error checking collisions: local variable 'projectile_rect' referenced before assignment
2025-10-04 03:20:20,267 - ERROR - Error updating projectiles: 'pygame.math.Vector2' object has no attribute 'dx'
2025-10-04 03:20:20,268 - ERROR - Error checking collisions: local variable 'projectile_rect' referenced before assignment
2025-10-04 03:20:20,284 - ERROR - Error updating projectiles: 'pygame.math.Vector2' object has no attribute 'dx'
2025-10-04 03:20:20,284 - ERROR - Error checking collisions: local variable 'projectile_rect' referenced before assignment
2025-10-04 03:20:20,300 - ERROR - Error updating projectiles: 'pygame.math.Vector2' object has no attribute 'dx'
2025-10-04 03:20:20,300 - ERROR - Error checking collisions: local variable 'projectile_rect' referenced before assignment
2025-10-04 03:20:20,317 - ERROR - Error updating projectiles: 'pygame.math.Vector2' object has no attribute 'dx'
2025-10-04 03:20:20,317 - ERROR - Error checking collisions: local variable 'projectile_rect' referenced before assignment
2025-10-04 03:20:20,332 - ERROR - Error updating projectiles: 'pygame.math.Vector2' object has no attribute 'dx'
2025-10-04 03:20:20,332 - ERROR - Error checking collisions: local variable 'projectile_rect' referenced before assignment
2025-10-04 03:20:20,348 - ERROR - Error updating projectiles: 'pygame.math.Vector2' object has no attribute 'dx'
2025-10-04 03:20:20,348 - ERROR - Error checking collisions: local variable 'projectile_rect' referenced before assignment
2025-10-04 03:20:20,364 - ERROR - Error updating projectiles: 'pygame.math.Vector2' object has no attribute 'dx'
2025-10-04 03:20:20,364 - ERROR - Error checking collisions: local variable 'projectile_rect' referenced before assignment
2025-10-04 03:20:20,381 - ERROR - Error updating projectiles: 'pygame.math.Vector2' object has no attribute 'dx'
2025-10-04 03:20:20,381 - ERROR - Error checking collisions: local variable 'projectile_rect' referenced before assignment
2025-10-04 03:20:20,396 - ERROR - Error updating projectiles: 'pygame.math.Vector2' object has no attribute 'dx'
2025-10-04 03:20:20,396 - ERROR - Error checking collisions: local variable 'projectile_rect' referenced before assignment
2025-10-04 03:20:20,412 - ERROR - Error updating projectiles: 'pygame.math.Vector2' object has no attribute 'dx'
2025-10-04 03:20:20,412 - ERROR - Error checking collisions: local variable 'projectile_rect' referenced before assignment
2025-10-04 03:20:20,429 - ERROR - Error updating projectiles: 'pygame.math.Vector2' object has no attribute 'dx'
2025-10-04 03:20:20,429 - ERROR - Error checking collisions: local variable 'projectile_rect' referenced before assignment
2025-10-04 03:20:20,444 - ERROR - Error updating projectiles: 'pygame.math.Vector2' object has no attribute 'dx'
2025-10-04 03:20:20,444 - ERROR - Error checking collisions: local variable 'projectile_rect' referenced before assignment
2025-10-04 03:20:20,460 - ERROR - Error updating projectiles: 'pygame.math.Vector2' object has no attribute 'dx'
2025-10-04 03:20:20,460 - ERROR - Error checking collisions: local variable 'projectile_rect' referenced before assignment
2025-10-04 03:20:20,476 - ERROR - Error updating projectiles: 'pygame.math.Vector2' object has no attribute 'dx'
2025-10-04 03:20:20,477 - ERROR - Error checking collisions: local variable 'projectile_rect' referenced before assignment
2025-10-04 03:20:20,493 - ERROR - Error updating projectiles: 'pygame.math.Vector2' object has no attribute 'dx'
2025-10-04 03:20:20,493 - ERROR - Error checking collisions: local variable 'projectile_rect' referenced before assignment
2025-10-04 03:20:20,509 - ERROR - Error updating projectiles: 'pygame.math.Vector2' object has no attribute 'dx'
2025-10-04 03:20:20,509 - ERROR - Error checking collisions: local variable 'projectile_rect' referenced before assignment
2025-10-04 03:20:20,525 - ERROR - Error updating projectiles: 'pygame.math.Vector2' object has no attribute 'dx'
2025-10-04 03:20:20,525 - ERROR - Error checking collisions: local variable 'projectile_rect' referenced before assignment
2025-10-04 03:20:20,542 - ERROR - Error updating projectiles: 'pygame.math.Vector2' object has no attribute 'dx'
2025-10-04 03:20:20,542 - ERROR - Error checking collisions: local variable 'projectile_rect' referenced before assignment
2025-10-04 03:20:20,558 - ERROR - Error updating projectiles: 'pygame.math.Vector2' object has no attribute 'dx'
2025-10-04 03:20:20,558 - ERROR - Error checking collisions: local variable 'projectile_rect' referenced before assignment
2025-10-04 03:20:20,574 - ERROR - Error updating projectiles: 'pygame.math.Vector2' object has no attribute 'dx'
2025-10-04 03:20:20,574 - ERROR - Error checking collisions: local variable 'projectile_rect' referenced before assignment
2025-10-04 03:20:20,590 - ERROR - Error updating projectiles: 'pygame.math.Vector2' object has no attribute 'dx'
2025-10-04 03:20:20,590 - ERROR - Error checking collisions: local variable 'projectile_rect' referenced before assignment
2025-10-04 03:20:20,607 - ERROR - Error updating projectiles: 'pygame.math.Vector2' object has no attribute 'dx'
2025-10-04 03:20:20,607 - ERROR - Error checking collisions: local variable 'projectile_rect' referenced before assignment
2025-10-04 03:20:20,622 - ERROR - Error updating projectiles: 'pygame.math.Vector2' object has no attribute 'dx'
2025-10-04 03:20:20,622 - ERROR - Error checking collisions: local variable 'projectile_rect' referenced before assignment
2025-10-04 03:20:20,638 - ERROR - Error updating projectiles: 'pygame.math.Vector2' object has no attribute 'dx'
2025-10-04 03:20:20,638 - ERROR - Error checking collisions: local variable 'projectile_rect' referenced before assignment
2025-10-04 03:20:20,655 - ERROR - Error updating projectiles: 'pygame.math.Vector2' object has no attribute 'dx'
2025-10-04 03:20:20,655 - ERROR - Error checking collisions: local variable 'projectile_rect' referenced before assignment
2025-10-04 03:20:20,670 - ERROR - Error updating projectiles: 'pygame.math.Vector2' object has no attribute 'dx'
2025-10-04 03:20:20,670 - ERROR - Error checking collisions: local variable 'projectile_rect' referenced before assignment
2025-10-04 03:20:20,686 - ERROR - Error updating projectiles: 'pygame.math.Vector2' object has no attribute 'dx'
2025-10-04 03:20:20,686 - ERROR - Error checking collisions: local variable 'projectile_rect' referenced before assignment
2025-10-04 03:20:20,703 - ERROR - Error updating projectiles: 'pygame.math.Vector2' object has no attribute 'dx'
2025-10-04 03:20:20,703 - ERROR - Error checking collisions: local variable 'projectile_rect' referenced before assignment
2025-10-04 03:20:20,718 - ERROR - Error updating projectiles: 'pygame.math.Vector2' object has no attribute 'dx'
2025-10-04 03:20:20,718 - ERROR - Error checking collisions: local variable 'projectile_rect' referenced before assignment
2025-10-04 03:20:20,734 - ERROR - Error updating projectiles: 'pygame.math.Vector2' object has no attribute 'dx'
2025-10-04 03:20:20,734 - ERROR - Error checking collisions: local variable 'projectile_rect' referenced before assignment
2025-10-04 03:20:20,751 - ERROR - Error updating projectiles: 'pygame.math.Vector2' object has no attribute 'dx'
2025-10-04 03:20:20,751 - ERROR - Error checking collisions: local variable 'projectile_rect' referenced before assignment
2025-10-04 03:20:20,767 - ERROR - Error updating projectiles: 'pygame.math.Vector2' object has no attribute 'dx'
2025-10-04 03:20:20,767 - ERROR - Error checking collisions: local variable 'projectile_rect' referenced before assignment
2025-10-04 03:20:20,783 - ERROR - Error updating projectiles: 'pygame.math.Vector2' object has no attribute 'dx'
2025-10-04 03:20:20,783 - ERROR - Error checking collisions: local variable 'projectile_rect' referenced before assignment
2025-10-04 03:20:20,800 - ERROR - Error updating projectiles: 'pygame.math.Vector2' object has no attribute 'dx'
2025-10-04 03:20:20,800 - ERROR - Error checking collisions: local variable 'projectile_rect' referenced before assignment
2025-10-04 03:20:20,815 - ERROR - Error updating projectiles: 'pygame.math.Vector2' object has no attribute 'dx'
2025-10-04 03:20:20,815 - ERROR - Error checking collisions: local variable 'projectile_rect' referenced before assignment
2025-10-04 03:20:20,831 - ERROR - Error updating projectiles: 'pygame.math.Vector2' object has no attribute 'dx'
2025-10-04 03:20:20,831 - ERROR - Error checking collisions: local variable 'projectile_rect' referenced before assignment
2025-10-04 03:20:20,847 - ERROR - Error updating projectiles: 'pygame.math.Vector2' object has no attribute 'dx'
2025-10-04 03:20:20,848 - ERROR - Error checking collisions: local variable 'projectile_rect' referenced before assignment
2025-10-04 03:20:20,865 - ERROR - Error updating projectiles: 'pygame.math.Vector2' object has no attribute 'dx'
2025-10-04 03:20:20,865 - ERROR - Error checking collisions: local variable 'projectile_rect' referenced before assignment
2025-10-04 03:20:20,881 - ERROR - Error updating projectiles: 'pygame.math.Vector2' object has no attribute 'dx'
2025-10-04 03:20:20,881 - ERROR - Error checking collisions: local variable 'projectile_rect' referenced before assignment
2025-10-04 03:20:20,898 - ERROR - Error updating projectiles: 'pygame.math.Vector2' object has no attribute 'dx'
2025-10-04 03:20:20,898 - ERROR - Error checking collisions: local variable 'projectile_rect' referenced before assignment
2025-10-04 03:20:20,913 - ERROR - Error updating projectiles: 'pygame.math.Vector2' object has no attribute 'dx'
2025-10-04 03:20:20,929 - ERROR - Error updating projectiles: 'pygame.math.Vector2' object has no attribute 'dx'
2025-10-04 03:20:20,929 - ERROR - Error checking collisions: local variable 'projectile_rect' referenced before assignment
2025-10-04 03:20:20,946 - ERROR - Error updating projectiles: 'pygame.math.Vector2' object has no attribute 'dx'
2025-10-04 03:20:20,946 - ERROR - Error checking collisions: local variable 'projectile_rect' referenced before assignment
2025-10-04 03:20:20,962 - ERROR - Error updating projectiles: 'pygame.math.Vector2' object has no attribute 'dx'
2025-10-04 03:20:20,962 - ERROR - Error checking collisions: local variable 'projectile_rect' referenced before assignment
2025-10-04 03:20:20,978 - ERROR - Error updating projectiles: 'pygame.math.Vector2' object has no attribute 'dx'
2025-10-04 03:20:20,978 - ERROR - Error checking collisions: local variable 'projectile_rect' referenced before assignment
2025-10-04 03:20:20,994 - ERROR - Error updating projectiles: 'pygame.math.Vector2' object has no attribute 'dx'
2025-10-04 03:20:20,994 - ERROR - Error checking collisions: local variable 'projectile_rect' referenced before assignment
2025-10-04 03:20:21,010 - ERROR - Error updating projectiles: 'pygame.math.Vector2' object has no attribute 'dx'
2025-10-04 03:20:21,010 - ERROR - Error checking collisions: local variable 'projectile_rect' referenced before assignment
2025-10-04 03:20:21,026 - ERROR - Error updating projectiles: 'pygame.math.Vector2' object has no attribute 'dx'
2025-10-04 03:20:21,026 - ERROR - Error checking collisions: local variable 'projectile_rect' referenced before assignment
2025-10-04 03:20:21,042 - ERROR - Error updating projectiles: 'pygame.math.Vector2' object has no attribute 'dx'
2025-10-04 03:20:21,042 - ERROR - Error checking collisions: local variable 'projectile_rect' referenced before assignment
2025-10-04 03:20:21,058 - ERROR - Error updating projectiles: 'pygame.math.Vector2' object has no attribute 'dx'
2025-10-04 03:20:21,058 - ERROR - Error checking collisions: local variable 'projectile_rect' referenced before assignment
2025-10-04 03:20:21,074 - ERROR - Error updating projectiles: 'pygame.math.Vector2' object has no attribute 'dx'
2025-10-04 03:20:21,075 - ERROR - Error checking collisions: local variable 'projectile_rect' referenced before assignment
2025-10-04 03:20:21,091 - ERROR - Error updating projectiles: 'pygame.math.Vector2' object has no attribute 'dx'
2025-10-04 03:20:21,091 - ERROR - Error checking collisions: local variable 'projectile_rect' referenced before assignment
2025-10-04 03:20:21,107 - ERROR - Error updating projectiles: 'pygame.math.Vector2' object has no attribute 'dx'
2025-10-04 03:20:21,107 - ERROR - Error checking collisions: local variable 'projectile_rect' referenced before assignment
2025-10-04 03:20:21,122 - ERROR - Error updating projectiles: 'pygame.math.Vector2' object has no attribute 'dx'
2025-10-04 03:20:21,122 - ERROR - Error checking collisions: local variable 'projectile_rect' referenced before assignment
2025-10-04 03:20:21,138 - ERROR - Error updating projectiles: 'pygame.math.Vector2' object has no attribute 'dx'
2025-10-04 03:20:21,138 - ERROR - Error checking collisions: local variable 'projectile_rect' referenced before assignment
2025-10-04 03:20:21,154 - ERROR - Error updating projectiles: 'pygame.math.Vector2' object has no attribute 'dx'
2025-10-04 03:20:21,155 - ERROR - Error checking collisions: local variable 'projectile_rect' referenced before assignment
2025-10-04 03:20:21,170 - ERROR - Error updating projectiles: 'pygame.math.Vector2' object has no attribute 'dx'
2025-10-04 03:20:21,170 - ERROR - Error checking collisions: local variable 'projectile_rect' referenced before assignment
2025-10-04 03:20:21,187 - ERROR - Error updating projectiles: 'pygame.math.Vector2' object has no attribute 'dx'
2025-10-04 03:20:21,187 - ERROR - Error checking collisions: local variable 'projectile_rect' referenced before assignment
2025-10-04 03:20:21,202 - ERROR - Error updating projectiles: 'pygame.math.Vector2' object has no attribute 'dx'
2025-10-04 03:20:21,202 - ERROR - Error checking collisions: local variable 'projectile_rect' referenced before assignment
2025-10-04 03:20:21,218 - ERROR - Error updating projectiles: 'pygame.math.Vector2' object has no attribute 'dx'
2025-10-04 03:20:21,218 - ERROR - Error checking collisions: local variable 'projectile_rect' referenced before assignment
2025-10-04 03:20:21,235 - ERROR - Error updating projectiles: 'pygame.math.Vector2' object has no attribute 'dx'
2025-10-04 03:20:21,235 - ERROR - Error checking collisions: local variable 'projectile_rect' referenced before assignment
2025-10-04 03:20:21,250 - ERROR - Error updating projectiles: 'pygame.math.Vector2' object has no attribute 'dx'
2025-10-04 03:20:21,250 - ERROR - Error checking collisions: local variable 'projectile_rect' referenced before assignment
2025-10-04 03:20:21,266 - ERROR - Error updating projectiles: 'pygame.math.Vector2' object has no attribute 'dx'
2025-10-04 03:20:21,267 - INFO - Game Over: Player hit by enemy
2025-10-04 03:20:21,267 - ERROR - Error checking collisions: local variable 'projectile_rect' referenced before assignment
2025-10-04 03:20:24,127 - INFO - Game terminated
2025-10-04 03:20:24,127 - INFO - Game completed successfully
